<?xml version="1.0" encoding="UTF-8"?>
<!-- Generated by org.testng.reporters.JUnitReportReporter -->
<testsuite hostname="LAPTOP-VLGQ14BH" failures="0" tests="1" name="com.rmg.projecttest.CreateProjectTest" time="3.974" errors="0" timestamp="2021-04-06T11:00:45 IST" skipped="0">
  <testcase classname="com.rmg.projecttest.CreateProjectTest" name="addProject" time="3.974"/>
  <system-out/>
</testsuite> <!-- com.rmg.projecttest.CreateProjectTest -->
