<?xml version="1.0" encoding="UTF-8"?>
<!-- Generated by org.testng.reporters.JUnitReportReporter -->
<testsuite hostname="LAPTOP-VLGQ14BH" failures="0" tests="1" name="com.petstore.pojo.CreatePet" time="4.910" errors="0" timestamp="2021-04-06T15:58:22 IST" skipped="0">
  <testcase classname="com.petstore.pojo.CreatePet" name="createPet" time="4.910"/>
  <system-out/>
</testsuite> <!-- com.petstore.pojo.CreatePet -->
