<?xml version="1.0" encoding="UTF-8"?>
<!-- Generated by org.testng.reporters.JUnitReportReporter -->
<testsuite hostname="LAPTOP-VLGQ14BH" failures="0" tests="1" name="com.rmg.projecttest.verifyDynamicResponse" time="3.306" errors="0" timestamp="2021-04-06T17:14:11 IST" skipped="0">
  <testcase classname="com.rmg.projecttest.verifyDynamicResponse" name="verifyProjectName" time="3.306"/>
  <system-out/>
</testsuite> <!-- com.rmg.projecttest.verifyDynamicResponse -->
