<?xml version="1.0" encoding="UTF-8"?>
<!-- Generated by org.testng.reporters.JUnitReportReporter -->
<testsuite hostname="LAPTOP-VLGQ14BH" failures="0" tests="1" name="com.rmg.projecttest.deletemethodchaining" time="2.738" errors="0" timestamp="2021-04-07T08:42:42 IST" skipped="0">
  <testcase classname="com.rmg.projecttest.deletemethodchaining" name="delete" time="2.738"/>
  <system-out/>
</testsuite> <!-- com.rmg.projecttest.deletemethodchaining -->
