<?xml version="1.0" encoding="UTF-8"?>
<!-- Generated by org.testng.reporters.JUnitReportReporter -->
<testsuite hostname="LAPTOP-VLGQ14BH" failures="0" tests="1" name="com.rmg.projecttest.CreateProjectUsingPojoClass" time="2.989" errors="0" timestamp="2021-04-06T12:08:19 IST" skipped="0">
  <testcase classname="com.rmg.projecttest.CreateProjectUsingPojoClass" name="createProjectTest" time="2.989"/>
  <system-out/>
</testsuite> <!-- com.rmg.projecttest.CreateProjectUsingPojoClass -->
